This file contains any messages produced by compilers while
running configure, to aid debugging if configure makes a mistake.

It was created by configure, which was
generated by GNU Autoconf 2.69.  Invocation command line was

  $ ./configure CC=mpicc CXX=mpiCC CXXFLAGS=-O3 --no-create --no-recursion

## --------- ##
## Platform. ##
## --------- ##

hostname = merlin-l-01.psi.ch
uname -m = x86_64
uname -r = 3.10.0-693.17.1.el7.x86_64
uname -s = Linux
uname -v = #1 SMP Sun Jan 14 10:36:03 EST 2018

/usr/bin/uname -p = x86_64
/bin/uname -X     = unknown

/bin/arch              = x86_64
/usr/bin/arch -k       = unknown
/usr/convex/getsysinfo = unknown
/usr/bin/hostinfo      = unknown
/bin/machine           = unknown
/usr/bin/oslevel       = unknown
/bin/universe          = unknown

PATH: ~/bin/
PATH: ./
PATH: /gpfs/home/guo_w/bin/
PATH: ./
PATH: /afs/psi.ch/sys/psi.merlin/Tools/VisIt/2.13.0/bin
PATH: /afs/psi.ch/sys/psi.merlin/Compiler/openmpi/2.1.1/gcc/7.2.0/bin
PATH: /afs/psi.ch/sys/psi.merlin/Programming/gcc/7.2.0/bin
PATH: /gpfs/home/guo_w/bin/
PATH: ./
PATH: /usr/lib64/qt-3.3/bin
PATH: /usr/local/bin
PATH: /usr/bin
PATH: /usr/lpp/mmfs/bin
PATH: /opt/ibutils/bin
PATH: /opt/puppetlabs/bin
PATH: /gpfs/home/guo_w/gnuplot/gnuplot-5.2.1/src
PATH: /gpfs/data/guo_w/Paraview_3.14/ParaView-3.14.1-Linux-64bit/bin
PATH: /gpfs/home/guo_w/gnuplot/gnuplot-5.2.1/src
PATH: /gpfs/data/guo_w/Paraview_3.14/ParaView-3.14.1-Linux-64bit/bin
PATH: /afs/psi.ch/sys/psi.merlin/Tools/Pmodules/0.99.10/bin
PATH: /gpfs/home/guo_w/gnuplot/gnuplot-5.2.1/src
PATH: /gpfs/data/guo_w/Paraview_3.14/ParaView-3.14.1-Linux-64bit/bin


## ----------- ##
## Core tests. ##
## ----------- ##

configure:1876: checking for a BSD-compatible install
configure:1944: result: /usr/bin/install -c
configure:1955: checking whether build environment is sane
configure:2010: result: yes
configure:2161: checking for a thread-safe mkdir -p
configure:2200: result: /usr/bin/mkdir -p
configure:2207: checking for gawk
configure:2223: found /usr/bin/gawk
configure:2234: result: gawk
configure:2245: checking whether make sets $(MAKE)
configure:2267: result: yes
configure:2296: checking whether make supports nested variables
configure:2313: result: yes
configure:2449: checking for gcc
configure:2476: result: mpicc
configure:2705: checking for C compiler version
configure:2714: mpicc --version >&5
gcc ('PSI Environment Module') 7.2.0
Copyright (C) 2017 Free Software Foundation, Inc.
This is free software; see the source for copying conditions.  There is NO
warranty; not even for MERCHANTABILITY or FITNESS FOR A PARTICULAR PURPOSE.

configure:2725: $? = 0
configure:2714: mpicc -v >&5
Using built-in specs.
COLLECT_GCC=/opt/psi/Programming/gcc/7.2.0/bin/gcc
COLLECT_LTO_WRAPPER=/afs/psi.ch/sys/psi.merlin/Programming/gcc/7.2.0/bin/../libexec/gcc/x86_64-pc-linux-gnu/7.2.0/lto-wrapper
Target: x86_64-pc-linux-gnu
Configured with: /opt/tmp/stadler_h/src/gcc-7.2.0/configure --prefix=/opt/psi/Programming/gcc/7.2.0 --enable-languages=c,c++,objc,obj-c++,lto,fortran --with-gmp=/opt/psi/Libraries/gmp/6.1.2 --with-mpfr=/opt/psi/Libraries/mpfr/3.1.5 --with-mpc=/opt/psi/Libraries/mpc/1.0.3 --enable-lto --disable-multilib --with-build-config=bootstrap-debug --with-pkgversion=''\''PSI Environment Module'\''' --with-build-config=bootstrap-debug
Thread model: posix
gcc version 7.2.0 ('PSI Environment Module') 
configure:2725: $? = 0
configure:2714: mpicc -V >&5
gcc: error: unrecognized command line option '-V'
gcc: fatal error: no input files
compilation terminated.
configure:2725: $? = 1
configure:2714: mpicc -qversion >&5
gcc: error: unrecognized command line option '-qversion'; did you mean '--version'?
gcc: fatal error: no input files
compilation terminated.
configure:2725: $? = 1
configure:2745: checking whether the C compiler works
configure:2767: mpicc    conftest.c  >&5
configure:2771: $? = 0
configure:2819: result: yes
configure:2822: checking for C compiler default output file name
configure:2824: result: a.out
configure:2830: checking for suffix of executables
configure:2837: mpicc -o conftest    conftest.c  >&5
configure:2841: $? = 0
configure:2863: result: 
configure:2885: checking whether we are cross compiling
configure:2893: mpicc -o conftest    conftest.c  >&5
configure:2897: $? = 0
configure:2904: ./conftest
configure:2908: $? = 0
configure:2923: result: no
configure:2928: checking for suffix of object files
configure:2950: mpicc -c   conftest.c >&5
configure:2954: $? = 0
configure:2975: result: o
configure:2979: checking whether we are using the GNU C compiler
configure:2998: mpicc -c   conftest.c >&5
configure:2998: $? = 0
configure:3007: result: yes
configure:3016: checking whether mpicc accepts -g
configure:3036: mpicc -c -g  conftest.c >&5
configure:3036: $? = 0
configure:3077: result: yes
configure:3094: checking for mpicc option to accept ISO C89
configure:3157: mpicc  -c -g -O2  conftest.c >&5
configure:3157: $? = 0
configure:3170: result: none needed
configure:3201: checking for style of include used by make
configure:3229: result: GNU
configure:3255: checking dependency style of mpicc
configure:3366: result: gcc3
configure:3493: checking for C++ compiler version
configure:3502: mpiCC --version >&5
g++ ('PSI Environment Module') 7.2.0
Copyright (C) 2017 Free Software Foundation, Inc.
This is free software; see the source for copying conditions.  There is NO
warranty; not even for MERCHANTABILITY or FITNESS FOR A PARTICULAR PURPOSE.

configure:3513: $? = 0
configure:3502: mpiCC -v >&5
Using built-in specs.
COLLECT_GCC=/opt/psi/Programming/gcc/7.2.0/bin/g++
COLLECT_LTO_WRAPPER=/afs/psi.ch/sys/psi.merlin/Programming/gcc/7.2.0/bin/../libexec/gcc/x86_64-pc-linux-gnu/7.2.0/lto-wrapper
Target: x86_64-pc-linux-gnu
Configured with: /opt/tmp/stadler_h/src/gcc-7.2.0/configure --prefix=/opt/psi/Programming/gcc/7.2.0 --enable-languages=c,c++,objc,obj-c++,lto,fortran --with-gmp=/opt/psi/Libraries/gmp/6.1.2 --with-mpfr=/opt/psi/Libraries/mpfr/3.1.5 --with-mpc=/opt/psi/Libraries/mpc/1.0.3 --enable-lto --disable-multilib --with-build-config=bootstrap-debug --with-pkgversion=''\''PSI Environment Module'\''' --with-build-config=bootstrap-debug
Thread model: posix
gcc version 7.2.0 ('PSI Environment Module') 
configure:3513: $? = 0
configure:3502: mpiCC -V >&5
g++: error: unrecognized command line option '-V'
g++: fatal error: no input files
compilation terminated.
configure:3513: $? = 1
configure:3502: mpiCC -qversion >&5
g++: error: unrecognized command line option '-qversion'; did you mean '--version'?
g++: fatal error: no input files
compilation terminated.
configure:3513: $? = 1
configure:3517: checking whether we are using the GNU C++ compiler
configure:3536: mpiCC -c -O3  conftest.cpp >&5
configure:3536: $? = 0
configure:3545: result: yes
configure:3554: checking whether mpiCC accepts -g
configure:3574: mpiCC -c -g  conftest.cpp >&5
configure:3574: $? = 0
configure:3615: result: yes
configure:3640: checking dependency style of mpiCC
configure:3751: result: gcc3
configure:3810: checking for ranlib
configure:3826: found /usr/bin/ranlib
configure:3837: result: ranlib
configure:3969: checking that generated files are newer than configure
configure:3975: result: done
configure:4002: creating ./config.status

## ---------------- ##
## Cache variables. ##
## ---------------- ##

ac_cv_c_compiler_gnu=yes
ac_cv_cxx_compiler_gnu=yes
ac_cv_env_CCC_set=
ac_cv_env_CCC_value=
ac_cv_env_CC_set=set
ac_cv_env_CC_value=mpicc
ac_cv_env_CFLAGS_set=
ac_cv_env_CFLAGS_value=
ac_cv_env_CPPFLAGS_set=
ac_cv_env_CPPFLAGS_value=
ac_cv_env_CXXFLAGS_set=set
ac_cv_env_CXXFLAGS_value=-O3
ac_cv_env_CXX_set=set
ac_cv_env_CXX_value=mpiCC
ac_cv_env_LDFLAGS_set=
ac_cv_env_LDFLAGS_value=
ac_cv_env_LIBS_set=
ac_cv_env_LIBS_value=
ac_cv_env_build_alias_set=
ac_cv_env_build_alias_value=
ac_cv_env_host_alias_set=
ac_cv_env_host_alias_value=
ac_cv_env_target_alias_set=
ac_cv_env_target_alias_value=
ac_cv_objext=o
ac_cv_path_install='/usr/bin/install -c'
ac_cv_path_mkdir=/usr/bin/mkdir
ac_cv_prog_AWK=gawk
ac_cv_prog_ac_ct_CC=mpicc
ac_cv_prog_ac_ct_RANLIB=ranlib
ac_cv_prog_cc_c89=
ac_cv_prog_cc_g=yes
ac_cv_prog_cxx_g=yes
ac_cv_prog_make_make_set=yes
am_cv_CC_dependencies_compiler_type=gcc3
am_cv_CXX_dependencies_compiler_type=gcc3
am_cv_make_support_nested_variables=yes

## ----------------- ##
## Output variables. ##
## ----------------- ##

ACLOCAL='${SHELL} /gpfs/data/guo_w/Development/PSI-Boil/missing aclocal-1.13'
AMDEPBACKSLASH='\'
AMDEP_FALSE='#'
AMDEP_TRUE=''
AMTAR='$${TAR-tar}'
AM_BACKSLASH='\'
AM_DEFAULT_V='$(AM_DEFAULT_VERBOSITY)'
AM_DEFAULT_VERBOSITY='1'
AM_V='$(V)'
AUTOCONF='${SHELL} /gpfs/data/guo_w/Development/PSI-Boil/missing autoconf'
AUTOHEADER='${SHELL} /gpfs/data/guo_w/Development/PSI-Boil/missing autoheader'
AUTOMAKE='${SHELL} /gpfs/data/guo_w/Development/PSI-Boil/missing automake-1.13'
AWK='gawk'
CC='mpicc'
CCDEPMODE='depmode=gcc3'
CFLAGS='-g -O2'
CPPFLAGS=''
CXX='mpiCC'
CXXDEPMODE='depmode=gcc3'
CXXFLAGS='-O3'
CYGPATH_W='echo'
DEFS='-DHAVE_CONFIG_H'
DEPDIR='.deps'
ECHO_C=''
ECHO_N='-n'
ECHO_T=''
EXEEXT=''
INSTALL_DATA='${INSTALL} -m 644'
INSTALL_PROGRAM='${INSTALL}'
INSTALL_SCRIPT='${INSTALL}'
INSTALL_STRIP_PROGRAM='$(install_sh) -c -s'
LDFLAGS=''
LIBOBJS=''
LIBS=''
LTLIBOBJS=''
MAKEINFO='${SHELL} /gpfs/data/guo_w/Development/PSI-Boil/missing makeinfo'
MKDIR_P='/usr/bin/mkdir -p'
OBJEXT='o'
PACKAGE='PSI-Boil'
PACKAGE_BUGREPORT=''
PACKAGE_NAME=''
PACKAGE_STRING=''
PACKAGE_TARNAME=''
PACKAGE_URL=''
PACKAGE_VERSION=''
PATH_SEPARATOR=':'
RANLIB='ranlib'
SET_MAKE=''
SHELL='/bin/sh'
STRIP=''
VERSION='0.3'
ac_ct_CC='mpicc'
ac_ct_CXX=''
am__EXEEXT_FALSE=''
am__EXEEXT_TRUE='#'
am__fastdepCC_FALSE='#'
am__fastdepCC_TRUE=''
am__fastdepCXX_FALSE='#'
am__fastdepCXX_TRUE=''
am__include='include'
am__isrc=''
am__leading_dot='.'
am__nodep='_no'
am__quote=''
am__tar='$${TAR-tar} chof - "$$tardir"'
am__untar='$${TAR-tar} xf -'
bindir='${exec_prefix}/bin'
build_alias=''
datadir='${datarootdir}'
datarootdir='${prefix}/share'
docdir='${datarootdir}/doc/${PACKAGE}'
dvidir='${docdir}'
exec_prefix='${prefix}'
host_alias=''
htmldir='${docdir}'
includedir='${prefix}/include'
infodir='${datarootdir}/info'
install_sh='${SHELL} /gpfs/data/guo_w/Development/PSI-Boil/install-sh'
libdir='${exec_prefix}/lib'
libexecdir='${exec_prefix}/libexec'
localedir='${datarootdir}/locale'
localstatedir='${prefix}/var'
mandir='${datarootdir}/man'
mkdir_p='$(MKDIR_P)'
oldincludedir='/usr/include'
pdfdir='${docdir}'
prefix='/usr/local'
program_transform_name='s,x,x,'
psdir='${docdir}'
sbindir='${exec_prefix}/sbin'
sharedstatedir='${prefix}/com'
sysconfdir='${prefix}/etc'
target_alias=''

## ----------- ##
## confdefs.h. ##
## ----------- ##

/* confdefs.h */
#define PACKAGE_NAME ""
#define PACKAGE_TARNAME ""
#define PACKAGE_VERSION ""
#define PACKAGE_STRING ""
#define PACKAGE_BUGREPORT ""
#define PACKAGE_URL ""
#define PACKAGE "PSI-Boil"
#define VERSION "0.3"

configure: exit 0

## ---------------------- ##
## Running config.status. ##
## ---------------------- ##

This file was extended by config.status, which was
generated by GNU Autoconf 2.69.  Invocation command line was

  CONFIG_FILES    = 
  CONFIG_HEADERS  = 
  CONFIG_LINKS    = 
  CONFIG_COMMANDS = 
  $ ./config.status 

on merlin-l-01.psi.ch

config.status:898: creating Makefile
config.status:898: creating Src/Domain/Makefile
config.status:898: creating Src/Global/Makefile
config.status:898: creating Src/Field/Scalar/Makefile
config.status:898: creating Src/Field/Vector/Makefile
config.status:898: creating Src/Field/ScalarBool/Makefile
config.status:898: creating Src/Field/VectorBool/Makefile
config.status:898: creating Src/Field/ScalarInt/Makefile
config.status:898: creating Src/Matter/Makefile
config.status:898: creating Src/Grid/Makefile
config.status:898: creating Src/Body/Makefile
config.status:898: creating Src/Parallel/Makefile
config.status:898: creating Src/Parallel/Out/Makefile
config.status:898: creating Src/LookUpTable/Makefile
config.status:898: creating Src/Makefile
config.status:898: creating Src/Equation/Centered/Enthalpy/Makefile
config.status:898: creating Src/Equation/Centered/EnthalpyFD/Makefile
config.status:898: creating Src/Equation/Centered/Concentration/Makefile
config.status:898: creating Src/Equation/Centered/Pressure/Makefile
config.status:898: creating Src/Equation/Centered/ColorFunction/Makefile
config.status:898: creating Src/Equation/Centered/LevelSet/Makefile
config.status:898: creating Src/Equation/Centered/PhaseChange/Makefile
config.status:898: creating Src/Equation/Centered/PhaseField/Makefile
config.status:898: creating Src/Equation/Centered/ColorCIP/Makefile
config.status:898: creating Src/Equation/Centered/CIPCSL2/Makefile
config.status:898: creating Src/Equation/Centered/Distance/Makefile
config.status:898: creating Src/Equation/Centered/VOF/Makefile
config.status:898: creating Src/Equation/Centered/Makefile
config.status:898: creating Src/Equation/Staggered/Momentum/Makefile
config.status:898: creating Src/Equation/Staggered/Makefile
config.status:898: creating Src/Equation/Dispersed/Makefile
config.status:898: creating Src/Equation/Floodfill/Makefile
config.status:898: creating Src/Boundary/Makefile
config.status:898: creating Src/Solver/Makefile
config.status:898: creating Src/Ravioli/Makefile
config.status:898: creating Src/SimulationTime/Makefile
config.status:898: creating Src/RandomFlow/Makefile
config.status:898: creating Src/Timer/Makefile
config.status:898: creating Src/Monitor/Location/Makefile
config.status:898: creating Src/Monitor/Rack/Makefile
config.status:898: creating Src/Formula/Makefile
config.status:898: creating Src/Profile/Makefile
config.status:898: creating Src/Board/Makefile
config.status:898: creating Src/Model/Makefile
config.status:898: creating Src/Plot/Makefile
config.status:898: creating Src/Plot/GMV/Makefile
config.status:898: creating Src/Plot/TEC/Makefile
config.status:898: creating Src/Plot/VTK/Makefile
config.status:898: creating Src/Unstructured/Solver/Makefile
config.status:898: creating Src/Utilities/Connect/Makefile
config.status:898: creating Src/Utilities/MovieScript/Makefile
config.status:898: creating Src/Utilities/ChangeProc/Makefile
config.status:898: creating Src/Template/Makefile
config.status:898: creating config.h
config.status:1079: config.h is unchanged
config.status:1127: executing depfiles commands

## ---------------------- ##
## Running config.status. ##
## ---------------------- ##

This file was extended by config.status, which was
generated by GNU Autoconf 2.69.  Invocation command line was

  CONFIG_FILES    = 
  CONFIG_HEADERS  = 
  CONFIG_LINKS    = 
  CONFIG_COMMANDS = 
  $ ./config.status config.h

on merlin-l-01.psi.ch

config.status:898: creating config.h
config.status:1079: config.h is unchanged

## ---------------------- ##
## Running config.status. ##
## ---------------------- ##

This file was extended by config.status, which was
generated by GNU Autoconf 2.69.  Invocation command line was

  CONFIG_FILES    = 
  CONFIG_HEADERS  = 
  CONFIG_LINKS    = 
  CONFIG_COMMANDS = 
  $ ./config.status Src/Equation/Centered/VOF/Makefile depfiles

on merlin-l-01.psi.ch

config.status:898: creating Src/Equation/Centered/VOF/Makefile
config.status:1127: executing depfiles commands

## ---------------------- ##
## Running config.status. ##
## ---------------------- ##

This file was extended by config.status, which was
generated by GNU Autoconf 2.69.  Invocation command line was

  CONFIG_FILES    = 
  CONFIG_HEADERS  = 
  CONFIG_LINKS    = 
  CONFIG_COMMANDS = 
  $ ./config.status Src/Makefile depfiles

on merlin-l-01.psi.ch

config.status:898: creating Src/Makefile
config.status:1127: executing depfiles commands

## ---------------------- ##
## Running config.status. ##
## ---------------------- ##

This file was extended by config.status, which was
generated by GNU Autoconf 2.69.  Invocation command line was

  CONFIG_FILES    = 
  CONFIG_HEADERS  = 
  CONFIG_LINKS    = 
  CONFIG_COMMANDS = 
  $ ./config.status Src/Equation/Centered/VOF/Makefile depfiles

on merlin-l-01.psi.ch

config.status:898: creating Src/Equation/Centered/VOF/Makefile
config.status:1127: executing depfiles commands

## ---------------------- ##
## Running config.status. ##
## ---------------------- ##

This file was extended by config.status, which was
generated by GNU Autoconf 2.69.  Invocation command line was

  CONFIG_FILES    = 
  CONFIG_HEADERS  = 
  CONFIG_LINKS    = 
  CONFIG_COMMANDS = 
  $ ./config.status Src/Equation/Centered/VOF/Makefile depfiles

on merlin-l-01.psi.ch

config.status:898: creating Src/Equation/Centered/VOF/Makefile
config.status:1127: executing depfiles commands

## ---------------------- ##
## Running config.status. ##
## ---------------------- ##

This file was extended by config.status, which was
generated by GNU Autoconf 2.69.  Invocation command line was

  CONFIG_FILES    = 
  CONFIG_HEADERS  = 
  CONFIG_LINKS    = 
  CONFIG_COMMANDS = 
  $ ./config.status Src/Equation/Centered/VOF/Makefile depfiles

on merlin-l-01.psi.ch

config.status:898: creating Src/Equation/Centered/VOF/Makefile
config.status:1127: executing depfiles commands

## ---------------------- ##
## Running config.status. ##
## ---------------------- ##

This file was extended by config.status, which was
generated by GNU Autoconf 2.69.  Invocation command line was

  CONFIG_FILES    = 
  CONFIG_HEADERS  = 
  CONFIG_LINKS    = 
  CONFIG_COMMANDS = 
  $ ./config.status Src/Equation/Centered/VOF/Makefile depfiles

on merlin-l-01.psi.ch

config.status:898: creating Src/Equation/Centered/VOF/Makefile
config.status:1127: executing depfiles commands

## ---------------------- ##
## Running config.status. ##
## ---------------------- ##

This file was extended by config.status, which was
generated by GNU Autoconf 2.69.  Invocation command line was

  CONFIG_FILES    = 
  CONFIG_HEADERS  = 
  CONFIG_LINKS    = 
  CONFIG_COMMANDS = 
  $ ./config.status Src/Equation/Centered/VOF/Makefile depfiles

on merlin-l-01.psi.ch

config.status:898: creating Src/Equation/Centered/VOF/Makefile
config.status:1127: executing depfiles commands

## ---------------------- ##
## Running config.status. ##
## ---------------------- ##

This file was extended by config.status, which was
generated by GNU Autoconf 2.69.  Invocation command line was

  CONFIG_FILES    = 
  CONFIG_HEADERS  = 
  CONFIG_LINKS    = 
  CONFIG_COMMANDS = 
  $ ./config.status Src/Equation/Centered/VOF/Makefile depfiles

on merlin-l-01.psi.ch

config.status:898: creating Src/Equation/Centered/VOF/Makefile
config.status:1127: executing depfiles commands

## ---------------------- ##
## Running config.status. ##
## ---------------------- ##

This file was extended by config.status, which was
generated by GNU Autoconf 2.69.  Invocation command line was

  CONFIG_FILES    = 
  CONFIG_HEADERS  = 
  CONFIG_LINKS    = 
  CONFIG_COMMANDS = 
  $ ./config.status Src/Equation/Centered/VOF/Makefile depfiles

on merlin-l-01.psi.ch

config.status:898: creating Src/Equation/Centered/VOF/Makefile
config.status:1127: executing depfiles commands

## ---------------------- ##
## Running config.status. ##
## ---------------------- ##

This file was extended by config.status, which was
generated by GNU Autoconf 2.69.  Invocation command line was

  CONFIG_FILES    = 
  CONFIG_HEADERS  = 
  CONFIG_LINKS    = 
  CONFIG_COMMANDS = 
  $ ./config.status Src/Equation/Centered/VOF/Makefile depfiles

on merlin-l-01.psi.ch

config.status:898: creating Src/Equation/Centered/VOF/Makefile
config.status:1127: executing depfiles commands

## ---------------------- ##
## Running config.status. ##
## ---------------------- ##

This file was extended by config.status, which was
generated by GNU Autoconf 2.69.  Invocation command line was

  CONFIG_FILES    = 
  CONFIG_HEADERS  = 
  CONFIG_LINKS    = 
  CONFIG_COMMANDS = 
  $ ./config.status Src/Equation/Centered/VOF/Makefile depfiles

on merlin-l-01.psi.ch

config.status:898: creating Src/Equation/Centered/VOF/Makefile
config.status:1127: executing depfiles commands

## ---------------------- ##
## Running config.status. ##
## ---------------------- ##

This file was extended by config.status, which was
generated by GNU Autoconf 2.69.  Invocation command line was

  CONFIG_FILES    = 
  CONFIG_HEADERS  = 
  CONFIG_LINKS    = 
  CONFIG_COMMANDS = 
  $ ./config.status Src/Equation/Centered/VOF/Makefile depfiles

on merlin-l-01.psi.ch

config.status:898: creating Src/Equation/Centered/VOF/Makefile
config.status:1127: executing depfiles commands

## ---------------------- ##
## Running config.status. ##
## ---------------------- ##

This file was extended by config.status, which was
generated by GNU Autoconf 2.69.  Invocation command line was

  CONFIG_FILES    = 
  CONFIG_HEADERS  = 
  CONFIG_LINKS    = 
  CONFIG_COMMANDS = 
  $ ./config.status Src/Equation/Centered/VOF/Makefile depfiles

on merlin-l-01.psi.ch

config.status:898: creating Src/Equation/Centered/VOF/Makefile
config.status:1127: executing depfiles commands

## ---------------------- ##
## Running config.status. ##
## ---------------------- ##

This file was extended by config.status, which was
generated by GNU Autoconf 2.69.  Invocation command line was

  CONFIG_FILES    = 
  CONFIG_HEADERS  = 
  CONFIG_LINKS    = 
  CONFIG_COMMANDS = 
  $ ./config.status Src/Equation/Centered/VOF/Makefile depfiles

on merlin-l-01.psi.ch

config.status:898: creating Src/Equation/Centered/VOF/Makefile
config.status:1127: executing depfiles commands
